<?xml version="1.0" encoding="UTF-8"?>
<testExecutions version="1">
  <file path="C:\Dev logiciel web\S5\Marvel-app\marvel-app\src\components\CharacterDetail.test.jsx">
  </file>
</testExecutions>